<?xml version="1.0" encoding="UTF-8"?>
<testsuite name="ru.netology.rest.PostmanEchoTest" tests="1" skipped="0" failures="0" errors="0" timestamp="2023-08-22T18:36:54" hostname="PC" time="16.996">
  <properties/>
  <testcase name="shouldSendPostRequest()" classname="ru.netology.rest.PostmanEchoTest" time="16.996"/>
  <system-out><![CDATA[]]></system-out>
  <system-err><![CDATA[]]></system-err>
</testsuite>
